1756467124.974553 client started (93951): version 3.5a, socket /private/tmp/tmux-501/default, protocol 8
1756467124.974627 on Darwin 24.6.0 Darwin Kernel Version 24.6.0: Mon Jul 14 11:30:51 PDT 2025; root:xnu-11417.140.69~1/RELEASE_ARM64_T8112
1756467124.974642 using libevent 2.1.12-stable select
1756467124.974692 using utf8proc 2.10.0
1756467124.974703 using ncurses 6.5 20240427
1756467124.974724 flags are 0x18010000
1756467124.974734 socket is /private/tmp/tmux-501/default
1756467124.974749 trying connect
1756467124.974769 connect failed: No such file or directory
1756467124.974791 lock file is /private/tmp/tmux-501/default.lock
1756467124.974934 flock succeeded
1756467124.974946 got lock (6)
1756467124.974958 trying connect
1756467124.974975 connect failed: No such file or directory
1756467124.975513 add peer 0x120008000: 7 (0x0)
1756467124.978403 sending message 111 to peer 0x120008000 (8 bytes)
1756467124.978423 sending message 111 to peer 0x120008000 (8 bytes)
1756467124.978433 sending message 101 to peer 0x120008000 (15 bytes)
1756467124.978442 sending message 109 to peer 0x120008000 (4 bytes)
1756467124.978452 sending message 102 to peer 0x120008000 (13 bytes)
1756467124.978461 sending message 108 to peer 0x120008000 (46 bytes)
1756467124.978470 sending message 112 to peer 0x120008000 (58 bytes)
1756467124.978480 sending message 112 to peer 0x120008000 (5 bytes)
1756467124.978489 sending message 112 to peer 0x120008000 (5 bytes)
1756467124.978498 sending message 112 to peer 0x120008000 (6 bytes)
1756467124.978508 sending message 112 to peer 0x120008000 (6 bytes)
1756467124.978516 sending message 112 to peer 0x120008000 (11 bytes)
1756467124.978524 sending message 112 to peer 0x120008000 (10 bytes)
1756467124.978532 sending message 112 to peer 0x120008000 (13 bytes)
1756467124.978541 sending message 112 to peer 0x120008000 (14 bytes)
1756467124.978549 sending message 112 to peer 0x120008000 (19 bytes)
1756467124.978557 sending message 112 to peer 0x120008000 (11 bytes)
1756467124.978565 sending message 112 to peer 0x120008000 (10 bytes)
1756467124.978574 sending message 112 to peer 0x120008000 (15 bytes)
1756467124.978583 sending message 112 to peer 0x120008000 (21 bytes)
1756467124.978592 sending message 112 to peer 0x120008000 (13 bytes)
1756467124.978602 sending message 112 to peer 0x120008000 (7 bytes)
1756467124.978611 sending message 112 to peer 0x120008000 (13 bytes)
1756467124.978620 sending message 112 to peer 0x120008000 (7 bytes)
1756467124.978629 sending message 112 to peer 0x120008000 (13 bytes)
1756467124.978638 sending message 112 to peer 0x120008000 (9 bytes)
1756467124.978647 sending message 112 to peer 0x120008000 (21 bytes)
1756467124.978657 sending message 112 to peer 0x120008000 (13 bytes)
1756467124.978666 sending message 112 to peer 0x120008000 (9 bytes)
1756467124.978675 sending message 112 to peer 0x120008000 (16 bytes)
1756467124.978684 sending message 112 to peer 0x120008000 (13 bytes)
1756467124.978693 sending message 112 to peer 0x120008000 (9 bytes)
1756467124.978702 sending message 112 to peer 0x120008000 (9 bytes)
1756467124.978711 sending message 112 to peer 0x120008000 (12 bytes)
1756467124.978720 sending message 112 to peer 0x120008000 (8 bytes)
1756467124.978729 sending message 112 to peer 0x120008000 (8 bytes)
1756467124.978739 sending message 112 to peer 0x120008000 (13 bytes)
1756467124.978747 sending message 112 to peer 0x120008000 (7 bytes)
1756467124.978755 sending message 112 to peer 0x120008000 (7 bytes)
1756467124.978764 sending message 112 to peer 0x120008000 (9 bytes)
1756467124.978773 sending message 112 to peer 0x120008000 (9 bytes)
1756467124.978783 sending message 112 to peer 0x120008000 (15 bytes)
1756467124.978792 sending message 112 to peer 0x120008000 (13 bytes)
1756467124.978802 sending message 112 to peer 0x120008000 (12 bytes)
1756467124.978811 sending message 112 to peer 0x120008000 (8 bytes)
1756467124.978820 sending message 112 to peer 0x120008000 (14 bytes)
1756467124.978829 sending message 112 to peer 0x120008000 (11 bytes)
1756467124.978838 sending message 112 to peer 0x120008000 (9 bytes)
1756467124.978870 sending message 112 to peer 0x120008000 (10 bytes)
1756467124.978878 sending message 112 to peer 0x120008000 (10 bytes)
1756467124.978886 sending message 112 to peer 0x120008000 (10 bytes)
1756467124.978892 sending message 112 to peer 0x120008000 (10 bytes)
1756467124.978899 sending message 112 to peer 0x120008000 (11 bytes)
1756467124.978906 sending message 112 to peer 0x120008000 (12 bytes)
1756467124.978913 sending message 112 to peer 0x120008000 (12 bytes)
1756467124.978920 sending message 112 to peer 0x120008000 (12 bytes)
1756467124.978926 sending message 112 to peer 0x120008000 (12 bytes)
1756467124.978933 sending message 112 to peer 0x120008000 (12 bytes)
1756467124.978940 sending message 112 to peer 0x120008000 (11 bytes)
1756467124.978947 sending message 112 to peer 0x120008000 (11 bytes)
1756467124.978953 sending message 112 to peer 0x120008000 (12 bytes)
1756467124.978960 sending message 112 to peer 0x120008000 (12 bytes)
1756467124.978966 sending message 112 to peer 0x120008000 (12 bytes)
1756467124.978974 sending message 112 to peer 0x120008000 (12 bytes)
1756467124.978981 sending message 112 to peer 0x120008000 (12 bytes)
1756467124.978988 sending message 112 to peer 0x120008000 (9 bytes)
1756467124.978995 sending message 112 to peer 0x120008000 (12 bytes)
1756467124.979002 sending message 112 to peer 0x120008000 (13 bytes)
1756467124.979010 sending message 112 to peer 0x120008000 (13 bytes)
1756467124.979017 sending message 112 to peer 0x120008000 (13 bytes)
1756467124.979025 sending message 112 to peer 0x120008000 (13 bytes)
1756467124.979032 sending message 112 to peer 0x120008000 (13 bytes)
1756467124.979039 sending message 112 to peer 0x120008000 (8 bytes)
1756467124.979045 sending message 112 to peer 0x120008000 (11 bytes)
1756467124.979052 sending message 112 to peer 0x120008000 (11 bytes)
1756467124.979059 sending message 112 to peer 0x120008000 (11 bytes)
1756467124.979066 sending message 112 to peer 0x120008000 (12 bytes)
1756467124.979073 sending message 112 to peer 0x120008000 (12 bytes)
1756467124.979080 sending message 112 to peer 0x120008000 (12 bytes)
1756467124.979087 sending message 112 to peer 0x120008000 (12 bytes)
1756467124.979093 sending message 112 to peer 0x120008000 (13 bytes)
1756467124.979100 sending message 112 to peer 0x120008000 (13 bytes)
1756467124.979106 sending message 112 to peer 0x120008000 (13 bytes)
1756467124.979113 sending message 112 to peer 0x120008000 (8 bytes)
1756467124.979120 sending message 112 to peer 0x120008000 (13 bytes)
1756467124.979127 sending message 112 to peer 0x120008000 (13 bytes)
1756467124.979134 sending message 112 to peer 0x120008000 (13 bytes)
1756467124.979141 sending message 112 to peer 0x120008000 (13 bytes)
1756467124.979147 sending message 112 to peer 0x120008000 (13 bytes)
1756467124.979154 sending message 112 to peer 0x120008000 (12 bytes)
1756467124.979160 sending message 112 to peer 0x120008000 (12 bytes)
1756467124.979167 sending message 112 to peer 0x120008000 (12 bytes)
1756467124.979173 sending message 112 to peer 0x120008000 (12 bytes)
1756467124.979180 sending message 112 to peer 0x120008000 (13 bytes)
1756467124.979187 sending message 112 to peer 0x120008000 (8 bytes)
1756467124.979194 sending message 112 to peer 0x120008000 (13 bytes)
1756467124.979200 sending message 112 to peer 0x120008000 (13 bytes)
1756467124.979207 sending message 112 to peer 0x120008000 (13 bytes)
1756467124.979214 sending message 112 to peer 0x120008000 (13 bytes)
1756467124.979221 sending message 112 to peer 0x120008000 (13 bytes)
1756467124.979228 sending message 112 to peer 0x120008000 (13 bytes)
1756467124.979234 sending message 112 to peer 0x120008000 (13 bytes)
1756467124.979241 sending message 112 to peer 0x120008000 (12 bytes)
1756467124.979248 sending message 112 to peer 0x120008000 (12 bytes)
1756467124.979255 sending message 112 to peer 0x120008000 (12 bytes)
1756467124.979262 sending message 112 to peer 0x120008000 (8 bytes)
1756467124.979268 sending message 112 to peer 0x120008000 (12 bytes)
1756467124.979283 sending message 112 to peer 0x120008000 (13 bytes)
1756467124.979289 sending message 112 to peer 0x120008000 (13 bytes)
1756467124.979295 sending message 112 to peer 0x120008000 (13 bytes)
1756467124.979301 sending message 112 to peer 0x120008000 (13 bytes)
1756467124.979307 sending message 112 to peer 0x120008000 (13 bytes)
1756467124.979313 sending message 112 to peer 0x120008000 (13 bytes)
1756467124.979319 sending message 112 to peer 0x120008000 (13 bytes)
1756467124.979325 sending message 112 to peer 0x120008000 (13 bytes)
1756467124.979331 sending message 112 to peer 0x120008000 (12 bytes)
1756467124.979337 sending message 112 to peer 0x120008000 (10 bytes)
1756467124.979343 sending message 112 to peer 0x120008000 (12 bytes)
1756467124.979349 sending message 112 to peer 0x120008000 (12 bytes)
1756467124.979355 sending message 112 to peer 0x120008000 (12 bytes)
1756467124.979360 sending message 112 to peer 0x120008000 (13 bytes)
1756467124.979367 sending message 112 to peer 0x120008000 (13 bytes)
1756467124.979373 sending message 112 to peer 0x120008000 (13 bytes)
1756467124.979379 sending message 112 to peer 0x120008000 (13 bytes)
1756467124.979386 sending message 112 to peer 0x120008000 (13 bytes)
1756467124.979392 sending message 112 to peer 0x120008000 (13 bytes)
1756467124.979398 sending message 112 to peer 0x120008000 (13 bytes)
1756467124.979404 sending message 112 to peer 0x120008000 (10 bytes)
1756467124.979410 sending message 112 to peer 0x120008000 (13 bytes)
1756467124.979417 sending message 112 to peer 0x120008000 (12 bytes)
1756467124.979423 sending message 112 to peer 0x120008000 (12 bytes)
1756467124.979429 sending message 112 to peer 0x120008000 (12 bytes)
1756467124.979435 sending message 112 to peer 0x120008000 (10 bytes)
1756467124.979442 sending message 112 to peer 0x120008000 (10 bytes)
1756467124.979448 sending message 112 to peer 0x120008000 (10 bytes)
1756467124.979454 sending message 112 to peer 0x120008000 (12 bytes)
1756467124.979460 sending message 112 to peer 0x120008000 (13 bytes)
1756467124.979466 sending message 112 to peer 0x120008000 (13 bytes)
1756467124.979472 sending message 112 to peer 0x120008000 (13 bytes)
1756467124.979479 sending message 112 to peer 0x120008000 (13 bytes)
1756467124.979485 sending message 112 to peer 0x120008000 (13 bytes)
1756467124.979491 sending message 112 to peer 0x120008000 (10 bytes)
1756467124.979498 sending message 112 to peer 0x120008000 (11 bytes)
1756467124.979504 sending message 112 to peer 0x120008000 (12 bytes)
1756467124.979511 sending message 112 to peer 0x120008000 (12 bytes)
1756467124.979517 sending message 112 to peer 0x120008000 (12 bytes)
1756467124.979523 sending message 112 to peer 0x120008000 (12 bytes)
1756467124.979529 sending message 112 to peer 0x120008000 (12 bytes)
1756467124.979534 sending message 112 to peer 0x120008000 (11 bytes)
1756467124.979540 sending message 112 to peer 0x120008000 (12 bytes)
1756467124.979547 sending message 112 to peer 0x120008000 (12 bytes)
1756467124.979553 sending message 112 to peer 0x120008000 (13 bytes)
1756467124.979559 sending message 112 to peer 0x120008000 (13 bytes)
1756467124.979565 sending message 112 to peer 0x120008000 (13 bytes)
1756467124.979571 sending message 112 to peer 0x120008000 (13 bytes)
1756467124.979577 sending message 112 to peer 0x120008000 (13 bytes)
1756467124.979583 sending message 112 to peer 0x120008000 (10 bytes)
1756467124.979589 sending message 112 to peer 0x120008000 (9 bytes)
1756467124.979594 sending message 112 to peer 0x120008000 (12 bytes)
1756467124.979600 sending message 112 to peer 0x120008000 (13 bytes)
1756467124.979607 sending message 112 to peer 0x120008000 (13 bytes)
1756467124.979612 sending message 112 to peer 0x120008000 (13 bytes)
1756467124.979619 sending message 112 to peer 0x120008000 (13 bytes)
1756467124.979625 sending message 112 to peer 0x120008000 (13 bytes)
1756467124.979631 sending message 112 to peer 0x120008000 (9 bytes)
1756467124.979637 sending message 112 to peer 0x120008000 (12 bytes)
1756467124.979643 sending message 112 to peer 0x120008000 (13 bytes)
1756467124.979656 sending message 112 to peer 0x120008000 (13 bytes)
1756467124.979662 sending message 112 to peer 0x120008000 (13 bytes)
1756467124.979669 sending message 112 to peer 0x120008000 (13 bytes)
1756467124.979677 sending message 112 to peer 0x120008000 (13 bytes)
1756467124.979683 sending message 112 to peer 0x120008000 (11 bytes)
1756467124.979691 sending message 112 to peer 0x120008000 (12 bytes)
1756467124.979697 sending message 112 to peer 0x120008000 (13 bytes)
1756467124.979739 sending message 112 to peer 0x120008000 (13 bytes)
1756467124.979753 sending message 112 to peer 0x120008000 (13 bytes)
1756467124.979761 sending message 112 to peer 0x120008000 (13 bytes)
1756467124.979767 sending message 112 to peer 0x120008000 (13 bytes)
1756467124.979773 sending message 112 to peer 0x120008000 (11 bytes)
1756467124.979778 sending message 112 to peer 0x120008000 (12 bytes)
1756467124.979785 sending message 112 to peer 0x120008000 (12 bytes)
1756467124.979791 sending message 112 to peer 0x120008000 (12 bytes)
1756467124.979798 sending message 112 to peer 0x120008000 (12 bytes)
1756467124.979804 sending message 112 to peer 0x120008000 (12 bytes)
1756467124.979811 sending message 112 to peer 0x120008000 (21 bytes)
1756467124.979817 sending message 112 to peer 0x120008000 (12 bytes)
1756467124.979824 sending message 112 to peer 0x120008000 (9 bytes)
1756467124.979830 sending message 112 to peer 0x120008000 (6 bytes)
1756467124.979836 sending message 112 to peer 0x120008000 (13 bytes)
1756467124.979843 sending message 112 to peer 0x120008000 (10 bytes)
1756467124.979849 sending message 112 to peer 0x120008000 (24 bytes)
1756467124.979856 sending message 112 to peer 0x120008000 (13 bytes)
1756467124.979862 sending message 112 to peer 0x120008000 (9 bytes)
1756467124.979869 sending message 112 to peer 0x120008000 (70 bytes)
1756467124.979875 sending message 112 to peer 0x120008000 (69 bytes)
1756467124.979882 sending message 112 to peer 0x120008000 (12 bytes)
1756467124.979889 sending message 112 to peer 0x120008000 (10 bytes)
1756467124.979894 sending message 112 to peer 0x120008000 (10 bytes)
1756467124.979901 sending message 112 to peer 0x120008000 (24 bytes)
1756467124.979907 sending message 112 to peer 0x120008000 (13 bytes)
1756467124.979913 sending message 112 to peer 0x120008000 (10 bytes)
1756467124.979919 sending message 112 to peer 0x120008000 (10 bytes)
1756467124.979925 sending message 112 to peer 0x120008000 (10 bytes)
1756467124.979931 sending message 112 to peer 0x120008000 (13 bytes)
1756467124.979937 sending message 112 to peer 0x120008000 (15 bytes)
1756467124.979945 sending message 112 to peer 0x120008000 (5 bytes)
1756467124.979953 sending message 104 to peer 0x120008000 (0 bytes)
1756467124.979960 sending message 110 to peer 0x120008000 (0 bytes)
1756467124.979967 sending message 107 to peer 0x120008000 (4 bytes)
1756467124.979973 sending message 105 to peer 0x120008000 (17 bytes)
1756467124.979980 sending message 105 to peer 0x120008000 (16 bytes)
1756467124.979986 sending message 105 to peer 0x120008000 (22 bytes)
1756467124.979993 sending message 105 to peer 0x120008000 (42 bytes)
1756467124.980000 sending message 105 to peer 0x120008000 (811 bytes)
1756467124.980007 sending message 105 to peer 0x120008000 (19 bytes)
1756467124.980014 sending message 105 to peer 0x120008000 (66 bytes)
1756467124.980021 sending message 105 to peer 0x120008000 (23 bytes)
1756467124.980026 sending message 105 to peer 0x120008000 (15 bytes)
1756467124.980032 sending message 105 to peer 0x120008000 (57 bytes)
1756467124.980038 sending message 105 to peer 0x120008000 (39 bytes)
1756467124.980045 sending message 105 to peer 0x120008000 (19 bytes)
1756467124.980051 sending message 105 to peer 0x120008000 (14 bytes)
1756467124.980058 sending message 105 to peer 0x120008000 (39 bytes)
1756467124.980063 sending message 105 to peer 0x120008000 (8 bytes)
1756467124.980069 sending message 105 to peer 0x120008000 (50 bytes)
1756467124.980075 sending message 105 to peer 0x120008000 (53 bytes)
1756467124.980095 sending message 105 to peer 0x120008000 (30 bytes)
1756467124.980102 sending message 105 to peer 0x120008000 (37 bytes)
1756467124.980108 sending message 105 to peer 0x120008000 (34 bytes)
1756467124.980114 sending message 105 to peer 0x120008000 (60 bytes)
1756467124.980119 sending message 105 to peer 0x120008000 (16 bytes)
1756467124.980124 sending message 105 to peer 0x120008000 (35 bytes)
1756467124.980131 sending message 105 to peer 0x120008000 (7 bytes)
1756467124.980136 sending message 105 to peer 0x120008000 (11 bytes)
1756467124.980143 sending message 105 to peer 0x120008000 (43 bytes)
1756467124.980149 sending message 105 to peer 0x120008000 (14 bytes)
1756467124.980155 sending message 105 to peer 0x120008000 (42 bytes)
1756467124.980161 sending message 105 to peer 0x120008000 (27 bytes)
1756467124.980168 sending message 105 to peer 0x120008000 (34 bytes)
1756467124.980174 sending message 105 to peer 0x120008000 (20 bytes)
1756467124.980180 sending message 105 to peer 0x120008000 (28 bytes)
1756467124.980186 sending message 105 to peer 0x120008000 (17 bytes)
1756467124.980199 sending message 105 to peer 0x120008000 (20 bytes)
1756467124.980206 sending message 105 to peer 0x120008000 (33 bytes)
1756467124.980213 sending message 105 to peer 0x120008000 (172 bytes)
1756467124.980219 sending message 105 to peer 0x120008000 (120 bytes)
1756467124.980225 sending message 105 to peer 0x120008000 (202 bytes)
1756467124.980232 sending message 105 to peer 0x120008000 (241 bytes)
1756467124.980238 sending message 105 to peer 0x120008000 (31 bytes)
1756467124.980245 sending message 105 to peer 0x120008000 (219 bytes)
1756467124.980251 sending message 105 to peer 0x120008000 (98 bytes)
1756467124.980257 sending message 105 to peer 0x120008000 (19 bytes)
1756467124.980263 sending message 105 to peer 0x120008000 (26 bytes)
1756467124.980269 sending message 105 to peer 0x120008000 (31 bytes)
1756467124.980276 sending message 105 to peer 0x120008000 (20 bytes)
1756467124.980282 sending message 105 to peer 0x120008000 (29 bytes)
1756467124.980288 sending message 105 to peer 0x120008000 (30 bytes)
1756467124.980295 sending message 105 to peer 0x120008000 (25 bytes)
1756467124.980301 sending message 106 to peer 0x120008000 (0 bytes)
1756467124.980414 sending message 200 to peer 0x120008000 (4 bytes)
1756467124.980422 client loop enter
1756467124.980469 client_signal: Child exited: 20
1756467125.045841 peer 0x120008000 message 207
1756467125.045851 sending message 208 to peer 0x120008000 (0 bytes)
1756467173.916904 client_signal: Window size changes: 28
1756467173.917689 sending message 208 to peer 0x120008000 (0 bytes)
1756467174.884351 client_signal: Window size changes: 28
1756467174.884416 sending message 208 to peer 0x120008000 (0 bytes)
1756467175.612964 client_signal: Window size changes: 28
1756467175.612998 sending message 208 to peer 0x120008000 (0 bytes)
1756467215.257044 peer 0x120008000 message 203
1756467215.257291 sending message 205 to peer 0x120008000 (0 bytes)
1756467215.257696 peer 0x120008000 message 204
1756467215.257719 client loop exit
